<?xml version="1.0" encoding="UTF-8" ?>
<testsuite errors="0" failures="1" hostname="Inspiron-17R" name="library.beta.BookCopyTest" skipped="0" tests="4" time="0.155" timestamp="2016-12-09T22:21:00">
  <properties>
[...]
</properties>
  <testcase classname="library.beta.BookCopyTest" name="testEqualsHashcode" time="0.004" />
  <testcase classname="library.beta.BookCopyTest" name="testGetBook" time="0.001" />
  <testcase classname="library.beta.BookCopyTest" name="testAssertionsEnabled" time="0.001" />
  <testcase classname="library.beta.BookCopyTest" name="testCondition" time="0.008">
    <failure message="BookCopy.toString() for a GOOD book must contain the word &apos;good&apos;" type="junit.framework.AssertionFailedError">junit.framework.AssertionFailedError: BookCopy.toString() for a GOOD book must contain the word &apos;good&apos;
	at library.beta.BookCopyTest.testCondition(BookCopyTest.java:42)
</failure>
  </testcase>
  <system-out><![CDATA[]]></system-out>
  <system-err><![CDATA[]]></system-err>
</testsuite>
